<?xml version="1.0" encoding="UTF-8"?>
<testsuites name="jest tests" tests="5" failures="0" errors="0" time="1.313">
  <testsuite name="MovieStudio" errors="0" failures="0" skipped="0" timestamp="2026-03-06T08:56:51" time="1.227" tests="5">
    <testcase classname="MovieStudio should create movie Titanic with valid movie definition" name="MovieStudio should create movie Titanic with valid movie definition" time="0.022">
    </testcase>
    <testcase classname="MovieStudio should create movie StarWars with valid movie definition" name="MovieStudio should create movie StarWars with valid movie definition" time="0.005">
    </testcase>
    <testcase classname="MovieStudio should create Empty Movie with Empty movie definition" name="MovieStudio should create Empty Movie with Empty movie definition" time="0.002">
    </testcase>
    <testcase classname="MovieStudio should fail create movie when budget exceeds" name="MovieStudio should fail create movie when budget exceeds" time="0.008">
    </testcase>
    <testcase classname="MovieStudio should throw InsufficientBudgetException when Insufficient Budget" name="MovieStudio should throw InsufficientBudgetException when Insufficient Budget" time="0.001">
    </testcase>
  </testsuite>
</testsuites>